#
# There is insufficient memory for the Java Runtime Environment to continue.
# Native memory allocation (malloc) failed to allocate 36016 bytes for Chunk::new
# Possible reasons:
#   The system is out of physical RAM or swap space
#   In 32 bit mode, the process size limit was hit
# Possible solutions:
#   Reduce memory load on the system
#   Increase physical memory or swap space
#   Check if swap backing store is full
#   Use 64 bit Java on a 64 bit OS
#   Decrease Java heap size (-Xmx/-Xms)
#   Decrease number of Java threads
#   Decrease Java thread stack sizes (-Xss)
#   Set larger code cache with -XX:ReservedCodeCacheSize=
# This output file may be truncated or incomplete.
#
#  Out of Memory Error (allocation.cpp:390), pid=4960, tid=0x00000000000025d8
#
# JRE version: Java(TM) SE Runtime Environment (8.0_161-b12) (build 1.8.0_161-b12)
# Java VM: Java HotSpot(TM) 64-Bit Server VM (25.161-b12 mixed mode windows-amd64 compressed oops)
# Failed to write core dump. Minidumps are not enabled by default on client versions of Windows
#

---------------  T H R E A D  ---------------

Current thread (0x00000000025e2800):  JavaThread "main" [_thread_in_native, id=9688, stack(0x00000000024e0000,0x00000000025e0000)]

Stack: [0x00000000024e0000,0x00000000025e0000]
[error occurred during error reporting (printing stack bounds), id 0xc0000005]

Native frames: (J=compiled Java code, j=interpreted, Vv=VM code, C=native code)

Java frames: (J=compiled Java code, j=interpreted, Vv=VM code)
j  sun.util.locale.provider.NumberFormatProviderImpl.getInstance(Ljava/util/Locale;I)Ljava/text/NumberFormat;+48
j  sun.util.locale.provider.NumberFormatProviderImpl.getNumberInstance(Ljava/util/Locale;)Ljava/text/NumberFormat;+3
j  java.text.NumberFormat.getInstance(Lsun/util/locale/provider/LocaleProviderAdapter;Ljava/util/Locale;I)Ljava/text/NumberFormat;+46
j  java.text.NumberFormat.getInstance(Ljava/util/Locale;I)Ljava/text/NumberFormat;+10
j  java.text.NumberFormat.getNumberInstance(Ljava/util/Locale;)Ljava/text/NumberFormat;+2
j  java.util.Scanner.useLocale(Ljava/util/Locale;)Ljava/util/Scanner;+19
j  java.util.Scanner.<init>(Ljava/lang/Readable;Ljava/util/regex/Pattern;)V+244
j  java.util.Scanner.<init>(Ljava/io/InputStream;)V+12
j  appmatriz.APPMatriz.main([Ljava/lang/String;)V+7
v  ~StubRoutines::call_stub

---------------  P R O C E S S  ---------------

Java Threads: ( => current thread )
  0x0000000018a64800 JavaThread "Service Thread" daemon [_thread_blocked, id=4668, stack(0x0000000018f30000,0x0000000019030000)]
  0x0000000018a38800 JavaThread "C1 CompilerThread2" daemon [_thread_blocked, id=12792, stack(0x0000000018e30000,0x0000000018f30000)]
  0x00000000171b6000 JavaThread "C2 CompilerThread1" daemon [_thread_blocked, id=4432, stack(0x0000000018930000,0x0000000018a30000)]
  0x00000000171af800 JavaThread "C2 CompilerThread0" daemon [_thread_blocked, id=13544, stack(0x0000000018830000,0x0000000018930000)]
  0x00000000171ae000 JavaThread "Attach Listener" daemon [_thread_blocked, id=11668, stack(0x0000000018730000,0x0000000018830000)]
  0x00000000171ad000 JavaThread "Signal Dispatcher" daemon [_thread_blocked, id=6280, stack(0x0000000018630000,0x0000000018730000)]
  0x00000000026dd000 JavaThread "Finalizer" daemon [_thread_blocked, id=12932, stack(0x0000000018410000,0x0000000018510000)]
  0x00000000026d3000 JavaThread "Reference Handler" daemon [_thread_blocked, id=3220, stack(0x0000000018310000,0x0000000018410000)]
=>0x00000000025e2800 JavaThread "main" [_thread_in_native, id=9688, stack(0x00000000024e0000,0x00000000025e0000)]

Other Threads:
  0x0000000017177800 VMThread [stack: 0x0000000018210000,0x0000000018310000] [id=8464]
  0x0000000018a67800 WatcherThread [stack: 0x00000000191a0000,0x00000000192a0000] [id=12780]

VM state:not at safepoint (normal execution)

VM Mutex/Monitor currently owned by a thread: None

Heap:
 PSYoungGen      total 37888K, used 1966K [0x00000000d6100000, 0x00000000d8b00000, 0x0000000100000000)
  eden space 32768K, 6% used [0x00000000d6100000,0x00000000d62eb878,0x00000000d8100000)
  from space 5120K, 0% used [0x00000000d8600000,0x00000000d8600000,0x00000000d8b00000)
  to   space 5120K, 0% used [0x00000000d8100000,0x00000000d8100000,0x00000000d8600000)
 ParOldGen       total 86016K, used 0K [0x0000000082200000, 0x0000000087600000, 0x00000000d6100000)
  object space 86016K, 0% used [0x0000000082200000,0x0000000082200000,0x0000000087600000)
 Metaspace       used 3444K, capacity 4606K, committed 4864K, reserved 1056768K
  class space    used 396K, capacity 430K, committed 512K, reserved 1048576K

Card table byte_map: [0x0000000011aa0000,0x0000000011e90000] byte_map_base: 0x000000001168f000

Marking Bits: (ParMarkBitMap*) 0x00000000723bf860
 Begin Bits: [0x0000000012530000, 0x00000000144a8000)
 End Bits:   [0x00000000144a8000, 0x0000000016420000)

Polling page: 0x0000000002420000

CodeCache: size=245760Kb used=1201Kb max_used=1212Kb free=244558Kb
 bounds [0x00000000026e0000, 0x0000000002950000, 0x00000000116e0000]
 total_blobs=301 nmethods=65 adapters=149
 compilation: enabled

Compilation events (10 events):
Event: 0.192 Thread 0x0000000018a38800 nmethod 60 0x0000000002808590 code [0x0000000002808800, 0x0000000002809af8]
Event: 0.192 Thread 0x0000000018a38800   63       3       java.lang.String::startsWith (72 bytes)
Event: 0.193 Thread 0x0000000018a38800 nmethod 63 0x000000000280a250 code [0x000000000280a3c0, 0x000000000280a6f0]
Event: 0.193 Thread 0x0000000018a38800   62       3       java.util.StringTokenizer::skipDelimiters (116 bytes)
Event: 0.194 Thread 0x0000000018a38800 nmethod 62 0x000000000280a8d0 code [0x000000000280aae0, 0x000000000280b698]
Event: 0.194 Thread 0x0000000018a38800   65       1       java.util.ArrayList::size (5 bytes)
Event: 0.194 Thread 0x0000000018a38800 nmethod 65 0x000000000280bb50 code [0x000000000280bca0, 0x000000000280bdb0]
Event: 0.194 Thread 0x0000000018a38800   61       3       java.util.HashSet::add (20 bytes)
Event: 0.194 Thread 0x0000000018a38800 nmethod 61 0x000000000280be10 code [0x000000000280bfa0, 0x000000000280c4b8]
Event: 0.194 Thread 0x00000000171af800 nmethod 64 0x000000000280f410 code [0x000000000280f540, 0x000000000280f698]

GC Heap History (0 events):
No events

Deoptimization events (0 events):
No events

Classes redefined (0 events):
No events

Internal exceptions (7 events):
Event: 0.051 Thread 0x00000000025e2800 Exception <a 'java/lang/NoSuchMethodError': Method sun.misc.Unsafe.defineClass(Ljava/lang/String;[BII)Ljava/lang/Class; name or signature does not match> (0x00000000d6107ca0) thrown at [C:\re\workspace\8-2-build-windows-amd64-cygwin\jdk8u161\10277\hotspot
Event: 0.051 Thread 0x00000000025e2800 Exception <a 'java/lang/NoSuchMethodError': Method sun.misc.Unsafe.prefetchRead(Ljava/lang/Object;J)V name or signature does not match> (0x00000000d6107f88) thrown at [C:\re\workspace\8-2-build-windows-amd64-cygwin\jdk8u161\10277\hotspot\src\share\vm\prim
Event: 0.113 Thread 0x00000000025e2800 Exception <a 'java/io/FileNotFoundException'> (0x00000000d61547e8) thrown at [C:\re\workspace\8-2-build-windows-amd64-cygwin\jdk8u161\10277\hotspot\src\share\vm\prims\jni.cpp, line 709]
Event: 0.167 Thread 0x00000000025e2800 Exception <a 'java/security/PrivilegedActionException'> (0x00000000d61a1630) thrown at [C:\re\workspace\8-2-build-windows-amd64-cygwin\jdk8u161\10277\hotspot\src\share\vm\prims\jvm.cpp, line 1390]
Event: 0.167 Thread 0x00000000025e2800 Exception <a 'java/security/PrivilegedActionException'> (0x00000000d61a1a28) thrown at [C:\re\workspace\8-2-build-windows-amd64-cygwin\jdk8u161\10277\hotspot\src\share\vm\prims\jvm.cpp, line 1390]
Event: 0.169 Thread 0x00000000025e2800 Exception <a 'java/security/PrivilegedActionException'> (0x00000000d62498c0) thrown at [C:\re\workspace\8-2-build-windows-amd64-cygwin\jdk8u161\10277\hotspot\src\share\vm\prims\jvm.cpp, line 1390]
Event: 0.169 Thread 0x00000000025e2800 Exception <a 'java/security/PrivilegedActionException'> (0x00000000d6249cb8) thrown at [C:\re\workspace\8-2-build-windows-amd64-cygwin\jdk8u161\10277\hotspot\src\share\vm\prims\jvm.cpp, line 1390]

Events (10 events):
Event: 0.192 loading class sun/util/resources/OpenListResourceBundle done
Event: 0.192 loading class sun/util/resources/LocaleNamesBundle done
Event: 0.192 loading class sun/util/resources/CurrencyNames done
Event: 0.192 loading class sun/util/resources/es/CurrencyNames_es
Event: 0.192 loading class sun/util/resources/es/CurrencyNames_es done
Event: 0.193 loading class sun/util/resources/es/CurrencyNames_es_MX
Event: 0.193 loading class sun/util/resources/es/CurrencyNames_es_MX done
Event: 0.194 loading class java/util/HashMap$KeySet
Event: 0.194 loading class java/util/HashMap$KeySet done
Event: 0.194 loading class java/text/DecimalFormat


Dynamic libraries:
0x00007ff7648d0000 - 0x00007ff764907000 	C:\Program Files\Java\jdk1.8.0_161\bin\java.exe
0x00007ffb55bf0000 - 0x00007ffb55de6000 	C:\WINDOWS\SYSTEM32\ntdll.dll
0x00007ffb3f8b0000 - 0x00007ffb3f8c2000 	C:\Program Files\Avast Software\Avast\aswhook.dll
0x00007ffb53f60000 - 0x00007ffb5401d000 	C:\WINDOWS\System32\KERNEL32.DLL
0x00007ffb53330000 - 0x00007ffb535f8000 	C:\WINDOWS\System32\KERNELBASE.dll
0x00007ffb53c50000 - 0x00007ffb53cfc000 	C:\WINDOWS\System32\ADVAPI32.dll
0x00007ffb55150000 - 0x00007ffb551ee000 	C:\WINDOWS\System32\msvcrt.dll
0x00007ffb54020000 - 0x00007ffb540bb000 	C:\WINDOWS\System32\sechost.dll
0x00007ffb541d0000 - 0x00007ffb542f4000 	C:\WINDOWS\System32\RPCRT4.dll
0x00007ffb552a0000 - 0x00007ffb55440000 	C:\WINDOWS\System32\USER32.dll
0x00007ffb53840000 - 0x00007ffb53862000 	C:\WINDOWS\System32\win32u.dll
0x00007ffb53f20000 - 0x00007ffb53f4a000 	C:\WINDOWS\System32\GDI32.dll
0x00007ffb53630000 - 0x00007ffb53739000 	C:\WINDOWS\System32\gdi32full.dll
0x00007ffb53bb0000 - 0x00007ffb53c4d000 	C:\WINDOWS\System32\msvcp_win.dll
0x00007ffb53740000 - 0x00007ffb53840000 	C:\WINDOWS\System32\ucrtbase.dll
0x00007ffb3f090000 - 0x00007ffb3f32b000 	C:\WINDOWS\WinSxS\amd64_microsoft.windows.common-controls_6595b64144ccf1df_6.0.19041.488_none_ca04af081b815d21\COMCTL32.dll
0x00007ffb55690000 - 0x00007ffb556c0000 	C:\WINDOWS\System32\IMM32.DLL
0x00007ffb54a00000 - 0x00007ffb55141000 	C:\WINDOWS\System32\SHELL32.dll
0x00007ffb55720000 - 0x00007ffb55a75000 	C:\WINDOWS\System32\combase.dll
0x00007ffb53e50000 - 0x00007ffb53ea5000 	C:\WINDOWS\System32\SHLWAPI.dll
0x00007ffb52130000 - 0x00007ffb52163000 	C:\WINDOWS\SYSTEM32\ntmarta.dll
0x00007ffb53210000 - 0x00007ffb5324c000 	C:\WINDOWS\SYSTEM32\SspiCli.dll
0x00007ffb51480000 - 0x00007ffb51c15000 	C:\WINDOWS\SYSTEM32\windows.storage.dll
0x00007ffb52cd0000 - 0x00007ffb52cfc000 	C:\WINDOWS\SYSTEM32\Wldp.dll
0x00007ffb55560000 - 0x00007ffb5560e000 	C:\WINDOWS\System32\SHCORE.dll
0x00000000730e0000 - 0x00000000731b2000 	C:\Program Files\Java\jdk1.8.0_161\jre\bin\msvcr100.dll
0x0000000071ba0000 - 0x000000007243f000 	C:\Program Files\Java\jdk1.8.0_161\jre\bin\server\jvm.dll
0x00007ffb53f50000 - 0x00007ffb53f58000 	C:\WINDOWS\System32\PSAPI.DLL
0x00007ffb4ea60000 - 0x00007ffb4ea69000 	C:\WINDOWS\SYSTEM32\WSOCK32.dll
0x00007ffb540d0000 - 0x00007ffb5413b000 	C:\WINDOWS\System32\WS2_32.dll
0x00007ffb4ebe0000 - 0x00007ffb4ec07000 	C:\WINDOWS\SYSTEM32\WINMM.dll
0x00007ffb4e9f0000 - 0x00007ffb4e9fa000 	C:\WINDOWS\SYSTEM32\VERSION.dll
0x00000000730d0000 - 0x00000000730df000 	C:\Program Files\Java\jdk1.8.0_161\jre\bin\verify.dll
0x0000000072d50000 - 0x0000000072d79000 	C:\Program Files\Java\jdk1.8.0_161\jre\bin\java.dll
0x0000000072d30000 - 0x0000000072d46000 	C:\Program Files\Java\jdk1.8.0_161\jre\bin\zip.dll
0x00007ffb53260000 - 0x00007ffb53286000 	C:\WINDOWS\SYSTEM32\profapi.dll

VM Arguments:
jvm_args: -Dfile.encoding=UTF-8 
java_command: appmatriz.APPMatriz
java_class_path (initial): C:\Users\admin\Desktop\NetBeans\APPMatriz\build\classes
Launcher Type: SUN_STANDARD

Environment Variables:
PATH=C:\Program Files\Microsoft MPI\Bin\;C:\Program Files (x86)\Intel\iCLS Client\;C:\Program Files (x86)\Common Files\Oracle\Java\javapath;C:\ProgramData\Oracle\Java\javapath;C:\Program Files\Intel\iCLS Client\;C:\WINDOWS\system32;C:\WINDOWS;C:\WINDOWS\System32\Wbem;C:\WINDOWS\System32\WindowsPowerShell\v1.0\;C:\Program Files\Intel\WiFi\bin\;C:\Program Files\Common Files\Intel\WirelessCommon\;C:\Program Files (x86)\Intel\Intel(R) Management Engine Components\DAL;C:\Program Files\Intel\Intel(R) Management Engine Components\DAL;C:\Program Files (x86)\Intel\Intel(R) Management Engine Components\IPT;C:\Program Files\Intel\Intel(R) Management Engine Components\IPT;C:\WINDOWS\System32\OpenSSH\;C:\Program Files\dotnet\;C:\Program Files\Microsoft SQL Server\Client SDK\ODBC\170\Tools\Binn\;C:\Program Files (x86)\Microsoft SQL Server\150\Tools\Binn\;C:\Program Files\Microsoft SQL Server\150\Tools\Binn\;C:\Program Files\Microsoft SQL Server\150\DTS\Binn\;C:\Program Files (x86)\Microsoft SQL Server\150\DTS\Binn\;C:\Program Files\Microsoft SQL Server\130\Tools\Binn\;C:\Users\admin\AppData\Local\Microsoft\WindowsApps;C:\Users\admin\AppData\Local\atom\bin;C:\Users\admin\AppData\Local\Microsoft\WindowsApps;C:\MinGW\bin;C:\Users\admin\.dotnet\tools;
USERNAME=admin
OS=Windows_NT
PROCESSOR_IDENTIFIER=Intel64 Family 6 Model 78 Stepping 3, GenuineIntel



---------------  S Y S T E M  ---------------

OS: Windows 10.0 , 64 bit Build 19041 (10.0.19041.546)

CPU:total 4 (initial active 4) (2 cores per cpu, 2 threads per core) family 6 model 78 stepping 3, cmov, cx8, fxsr, mmx, sse, sse2, sse3, ssse3, sse4.1, sse4.2, popcnt, avx, avx2, aes, clmul, erms, 3dnowpref, lzcnt, ht, tsc, tscinvbit, bmi1, bmi2, adx

Memory: 4k page, physical 8242676k(816064k free), swap 8242676k(4896k free)

vm_info: Java HotSpot(TM) 64-Bit Server VM (25.161-b12) for windows-amd64 JRE (1.8.0_161-b12), built on Dec 19 2017 17:52:25 by "java_re" with MS VC++ 10.0 (VS2010)

time: Sun Nov 15 18:58:06 2020
elapsed time: 0 seconds (0d 0h 0m 0s)

