#
# There is insufficient memory for the Java Runtime Environment to continue.
# Native memory allocation (malloc) failed to allocate 1048576 bytes for AllocateHeap
# Possible reasons:
#   The system is out of physical RAM or swap space
#   In 32 bit mode, the process size limit was hit
# Possible solutions:
#   Reduce memory load on the system
#   Increase physical memory or swap space
#   Check if swap backing store is full
#   Use 64 bit Java on a 64 bit OS
#   Decrease Java heap size (-Xmx/-Xms)
#   Decrease number of Java threads
#   Decrease Java thread stack sizes (-Xss)
#   Set larger code cache with -XX:ReservedCodeCacheSize=
# This output file may be truncated or incomplete.
#
#  Out of Memory Error (memory/allocation.inline.hpp:61), pid=3528, tid=0x00000000000023fc
#
# JRE version:  (8.0_161-b12) (build )
# Java VM: Java HotSpot(TM) 64-Bit Server VM (25.161-b12 mixed mode windows-amd64 compressed oops)
# Failed to write core dump. Minidumps are not enabled by default on client versions of Windows
#

---------------  T H R E A D  ---------------

Current thread (0x00000000022ae000):  JavaThread "Unknown thread" [_thread_in_vm, id=9212, stack(0x00000000022b0000,0x00000000023b0000)]

Stack: [0x00000000022b0000,0x00000000023b0000]
[error occurred during error reporting (printing stack bounds), id 0xc0000005]

Native frames: (J=compiled Java code, j=interpreted, Vv=VM code, C=native code)


---------------  P R O C E S S  ---------------

Java Threads: ( => current thread )

Other Threads:

=>0x00000000022ae000 (exited) JavaThread "Unknown thread" [_thread_in_vm, id=9212, stack(0x00000000022b0000,0x00000000023b0000)]

VM state:not at safepoint (normal execution)

VM Mutex/Monitor currently owned by a thread: None

Heap:
 PSYoungGen      total 37888K, used 655K [0x00000000d6100000, 0x00000000d8b00000, 0x0000000100000000)
  eden space 32768K, 2% used [0x00000000d6100000,0x00000000d61a3d80,0x00000000d8100000)
  from space 5120K, 0% used [0x00000000d8600000,0x00000000d8600000,0x00000000d8b00000)
  to   space 5120K, 0% used [0x00000000d8100000,0x00000000d8100000,0x00000000d8600000)
 ParOldGen       total 86016K, used 0K [0x0000000082200000, 0x0000000087600000, 0x00000000d6100000)
  object space 86016K, 0% used [0x0000000082200000,0x0000000082200000,0x0000000087600000)
 Metaspace       used 770K, capacity 4480K, committed 4480K, reserved 1056768K
  class space    used 75K, capacity 384K, committed 384K, reserved 1048576K

Card table byte_map: [0x0000000011870000,0x0000000011c60000] byte_map_base: 0x000000001145f000

Marking Bits: (ParMarkBitMap*) 0x0000000069adf860
 Begin Bits: [0x0000000012300000, 0x0000000014278000)
 End Bits:   [0x0000000014278000, 0x00000000161f0000)

Polling page: 0x0000000000890000

CodeCache: size=245760Kb used=328Kb max_used=328Kb free=245431Kb
 bounds [0x00000000024b0000, 0x0000000002720000, 0x00000000114b0000]
 total_blobs=58 nmethods=0 adapters=38
 compilation: enabled

Compilation events (0 events):
No events

GC Heap History (0 events):
No events

Deoptimization events (0 events):
No events

Classes redefined (0 events):
No events

Internal exceptions (0 events):
No events

Events (10 events):
Event: 0.036 loading class java/lang/Short
Event: 0.036 loading class java/lang/Short done
Event: 0.036 loading class java/lang/Integer
Event: 0.036 loading class java/lang/Integer done
Event: 0.036 loading class java/lang/Long
Event: 0.037 loading class java/lang/Long done
Event: 0.037 loading class java/lang/NullPointerException
Event: 0.037 loading class java/lang/NullPointerException done
Event: 0.037 loading class java/lang/ArithmeticException
Event: 0.037 loading class java/lang/ArithmeticException done


Dynamic libraries:
0x00007ff7e5ab0000 - 0x00007ff7e5ae7000 	C:\Program Files\Java\jdk1.8.0_161\bin\java.exe
0x00007fff6dcb0000 - 0x00007fff6dea6000 	C:\WINDOWS\SYSTEM32\ntdll.dll
0x00007fff6bd80000 - 0x00007fff6be3d000 	C:\WINDOWS\System32\KERNEL32.DLL
0x00007fff6b690000 - 0x00007fff6b958000 	C:\WINDOWS\System32\KERNELBASE.dll
0x00007fff6c4c0000 - 0x00007fff6c56a000 	C:\WINDOWS\System32\ADVAPI32.dll
0x00007fff6cfc0000 - 0x00007fff6d05e000 	C:\WINDOWS\System32\msvcrt.dll
0x00007fff6cef0000 - 0x00007fff6cf8b000 	C:\WINDOWS\System32\sechost.dll
0x00007fff6d060000 - 0x00007fff6d184000 	C:\WINDOWS\System32\RPCRT4.dll
0x00007fff6bf50000 - 0x00007fff6c0f0000 	C:\WINDOWS\System32\USER32.dll
0x00007fff6bcf0000 - 0x00007fff6bd12000 	C:\WINDOWS\System32\win32u.dll
0x00007fff6cf90000 - 0x00007fff6cfba000 	C:\WINDOWS\System32\GDI32.dll
0x00007fff6b450000 - 0x00007fff6b559000 	C:\WINDOWS\System32\gdi32full.dll
0x00007fff6b5f0000 - 0x00007fff6b68d000 	C:\WINDOWS\System32\msvcp_win.dll
0x00007fff6bac0000 - 0x00007fff6bbc0000 	C:\WINDOWS\System32\ucrtbase.dll
0x00007fff62400000 - 0x00007fff6269b000 	C:\WINDOWS\WinSxS\amd64_microsoft.windows.common-controls_6595b64144ccf1df_6.0.19041.488_none_ca04af081b815d21\COMCTL32.dll
0x00007fff6cec0000 - 0x00007fff6cef0000 	C:\WINDOWS\System32\IMM32.DLL
0x00000000691e0000 - 0x00000000692b2000 	C:\Program Files\Java\jdk1.8.0_161\jre\bin\msvcr100.dll
0x00000000692c0000 - 0x0000000069b5f000 	C:\Program Files\Java\jdk1.8.0_161\jre\bin\server\jvm.dll
0x00007fff6c590000 - 0x00007fff6c598000 	C:\WINDOWS\System32\PSAPI.DLL
0x00007fff63550000 - 0x00007fff63559000 	C:\WINDOWS\SYSTEM32\WSOCK32.dll
0x00007fff61710000 - 0x00007fff61737000 	C:\WINDOWS\SYSTEM32\WINMM.dll
0x00007fff6dae0000 - 0x00007fff6db4b000 	C:\WINDOWS\System32\WS2_32.dll
0x00007fff65a10000 - 0x00007fff65a1a000 	C:\WINDOWS\SYSTEM32\VERSION.dll
0x0000000069190000 - 0x000000006919f000 	C:\Program Files\Java\jdk1.8.0_161\jre\bin\verify.dll
0x0000000069160000 - 0x0000000069189000 	C:\Program Files\Java\jdk1.8.0_161\jre\bin\java.dll
0x0000000069140000 - 0x0000000069156000 	C:\Program Files\Java\jdk1.8.0_161\jre\bin\zip.dll

VM Arguments:
jvm_args: -Dfile.encoding=UTF-8 
java_command: appsringbuilderystringbuffer.AppSringBuilderyStringBuffer
java_class_path (initial): C:\Users\admin\Desktop\NetBeans\AppSringBuilderyStringBuffer\build\classes
Launcher Type: SUN_STANDARD

Environment Variables:
PATH=C:\Program Files\Microsoft MPI\Bin\;C:\Program Files (x86)\Intel\iCLS Client\;C:\Program Files (x86)\Common Files\Oracle\Java\javapath;C:\ProgramData\Oracle\Java\javapath;C:\Program Files\Intel\iCLS Client\;C:\WINDOWS\system32;C:\WINDOWS;C:\WINDOWS\System32\Wbem;C:\WINDOWS\System32\WindowsPowerShell\v1.0\;C:\Program Files\Intel\WiFi\bin\;C:\Program Files\Common Files\Intel\WirelessCommon\;C:\Program Files (x86)\Intel\Intel(R) Management Engine Components\DAL;C:\Program Files\Intel\Intel(R) Management Engine Components\DAL;C:\Program Files (x86)\Intel\Intel(R) Management Engine Components\IPT;C:\Program Files\Intel\Intel(R) Management Engine Components\IPT;C:\WINDOWS\System32\OpenSSH\;C:\Program Files\dotnet\;C:\Program Files\Microsoft SQL Server\Client SDK\ODBC\170\Tools\Binn\;C:\Program Files (x86)\Microsoft SQL Server\150\Tools\Binn\;C:\Program Files\Microsoft SQL Server\150\Tools\Binn\;C:\Program Files\Microsoft SQL Server\150\DTS\Binn\;C:\Program Files (x86)\Microsoft SQL Server\150\DTS\Binn\;C:\Program Files\Microsoft SQL Server\130\Tools\Binn\;C:\Users\admin\AppData\Local\Microsoft\WindowsApps;C:\Users\admin\AppData\Local\atom\bin;C:\Users\admin\AppData\Local\Microsoft\WindowsApps;C:\MinGW\bin;C:\Users\admin\.dotnet\tools;
USERNAME=admin
OS=Windows_NT
PROCESSOR_IDENTIFIER=Intel64 Family 6 Model 78 Stepping 3, GenuineIntel



---------------  S Y S T E M  ---------------

OS: Windows 10.0 , 64 bit Build 19041 (10.0.19041.546)

CPU:total 4 (initial active 4) (2 cores per cpu, 2 threads per core) family 6 model 78 stepping 3, cmov, cx8, fxsr, mmx, sse, sse2, sse3, ssse3, sse4.1, sse4.2, popcnt, avx, avx2, aes, clmul, erms, 3dnowpref, lzcnt, ht, tsc, tscinvbit, bmi1, bmi2, adx

Memory: 4k page, physical 8242676k(1505348k free), swap 8242676k(5504k free)

vm_info: Java HotSpot(TM) 64-Bit Server VM (25.161-b12) for windows-amd64 JRE (1.8.0_161-b12), built on Dec 19 2017 17:52:25 by "java_re" with MS VC++ 10.0 (VS2010)

time: Wed Oct 28 16:45:59 2020
elapsed time: 0 seconds (0d 0h 0m 0s)

